<?xml version="1.0" encoding="UTF-8"?>
<testng-results skipped="0" failed="0" ignored="0" total="1" passed="1">
  <reporter-output>
  </reporter-output>
  <suite name="Surefire suite" duration-ms="80705" started-at="2017-07-13T15:31:12Z" finished-at="2017-07-13T15:32:33Z">
    <groups>
    </groups>
    <test name="Surefire test" duration-ms="80705" started-at="2017-07-13T15:31:12Z" finished-at="2017-07-13T15:32:33Z">
      <class name="example.RunScriptServer">
        <test-method status="PASS" signature="test()" name="test" duration-ms="80641" started-at="2017-07-13T17:31:12Z" finished-at="2017-07-13T17:32:33Z">
          <reporter-output>
          </reporter-output>
        </test-method> <!-- test -->
      </class> <!-- example.RunScriptServer -->
    </test> <!-- Surefire test -->
  </suite> <!-- Surefire suite -->
</testng-results>
