<?xml version="1.0" encoding="UTF-8"?>
<testng-results skipped="0" failed="0" ignored="0" total="1" passed="1">
  <reporter-output>
  </reporter-output>
  <suite name="Surefire suite" duration-ms="149852" started-at="2017-07-14T08:09:23Z" finished-at="2017-07-14T08:11:53Z">
    <groups>
    </groups>
    <test name="Surefire test" duration-ms="149852" started-at="2017-07-14T08:09:23Z" finished-at="2017-07-14T08:11:53Z">
      <class name="example.RunScriptServer">
        <test-method status="PASS" signature="test()" name="test" duration-ms="146174" started-at="2017-07-14T10:09:27Z" finished-at="2017-07-14T10:11:53Z">
          <reporter-output>
          </reporter-output>
        </test-method> <!-- test -->
      </class> <!-- example.RunScriptServer -->
    </test> <!-- Surefire test -->
  </suite> <!-- Surefire suite -->
</testng-results>
